<?xml version="1.0" encoding="UTF-8"?>
<!-- Generated by org.testng.reporters.JUnitReportReporter -->
<testsuite hostname="DESKTOP-KMAPQ0R" failures="0" tests="1" name="actitime.testScript.DropDownTest" time="11.591" errors="0" timestamp="2023-07-05T23:27:28 IST" skipped="0">
  <testcase classname="actitime.testScript.DropDownTest" name="generalSettings" time="11.591">
    <system-out>
      <![CDATA[MODIFICATIONS NOT SAVED]]>
    </system-out>
  </testcase> <!-- generalSettings -->
  <system-out>
    <![CDATA[Are you sure you want to cancel the Type of Work creation?
Jethalal43
MODIFICATIONS NOT SAVED]]>
  </system-out>
</testsuite> <!-- actitime.testScript.DropDownTest -->
