<?xml version="1.0" encoding="UTF-8"?>
<!-- Generated by org.testng.reporters.JUnitReportReporter -->
<testsuite hostname="DESKTOP-KMAPQ0R" failures="0" tests="1" name="actitime.testScript.CustomerCreationTest" time="15.420" errors="0" timestamp="2023-07-05T23:27:28 IST" skipped="0">
  <testcase classname="actitime.testScript.CustomerCreationTest" name="createCustomer" time="15.420">
    <system-out>
      <![CDATA[Jethalal43]]>
    </system-out>
  </testcase> <!-- createCustomer -->
  <system-out>
    <![CDATA[Are you sure you want to cancel the Type of Work creation?
Jethalal43
MODIFICATIONS NOT SAVED]]>
  </system-out>
</testsuite> <!-- actitime.testScript.CustomerCreationTest -->
