<?xml version="1.0" encoding="UTF-8"?>
<!-- Generated by org.testng.reporters.JUnitReportReporter -->
<testsuite hostname="DESKTOP-KMAPQ0R" failures="0" tests="1" name="actitime.testScript.DropDown" time="15.328" errors="0" timestamp="2023-07-05T19:58:24 IST" skipped="0">
  <testcase classname="actitime.testScript.DropDown" name="generalSettings" time="15.328">
    <system-out>
      <![CDATA[MODIFICATIONS NOT SAVED]]>
    </system-out>
  </testcase> <!-- generalSettings -->
  <system-out>
    <![CDATA[MODIFICATIONS NOT SAVED]]>
  </system-out>
</testsuite> <!-- actitime.testScript.DropDown -->
