<?xml version="1.0" encoding="UTF-8"?>
<!-- Generated by org.testng.reporters.JUnitReportReporter -->
<testsuite hostname="DESKTOP-KMAPQ0R" failures="0" tests="1" name="actitime.testScript.AlertHandlingTest" time="18.360" errors="0" timestamp="2023-07-05T19:56:17 IST" skipped="0">
  <testcase classname="actitime.testScript.AlertHandlingTest" name="alertHandle" time="18.360">
    <system-out>
      <![CDATA[Are you sure you want to cancel the Type of Work creation?]]>
    </system-out>
  </testcase> <!-- alertHandle -->
  <system-out>
    <![CDATA[Are you sure you want to cancel the Type of Work creation?]]>
  </system-out>
</testsuite> <!-- actitime.testScript.AlertHandlingTest -->
