<?xml version="1.0" encoding="UTF-8"?>
<!-- Generated by org.testng.reporters.JUnitReportReporter -->
<testsuite hostname="DESKTOP-KMAPQ0R" failures="0" tests="1" name="actitime.testScript.CustomerCreation" time="21.007" errors="0" timestamp="2023-07-05T19:56:59 IST" skipped="0">
  <testcase classname="actitime.testScript.CustomerCreation" name="createCustomer" time="21.007">
    <system-out>
      <![CDATA[Jethalal325]]>
    </system-out>
  </testcase> <!-- createCustomer -->
  <system-out>
    <![CDATA[Jethalal325]]>
  </system-out>
</testsuite> <!-- actitime.testScript.CustomerCreation -->
